<?xml version="1.0" encoding="UTF-8"?>
<testsuite xmlns:xsi="http://www.w3.org/2001/XMLSchema-instance" xsi:noNamespaceSchemaLocation="https://maven.apache.org/surefire/maven-surefire-plugin/xsd/surefire-test-report-3.0.xsd" version="3.0" name="PracticeProblemTest" time="0.097" tests="10" errors="0" skipped="0" failures="4">
  <properties>
[...]
</properties>
  <testcase name="stringSwapTest1" classname="PracticeProblemTest" time="0.033"/>
  <testcase name="stringSwapTest2" classname="PracticeProblemTest" time="0"/>
  <testcase name="stringSwapTest3" classname="PracticeProblemTest" time="0.001"/>
  <testcase name="reverseTest1" classname="PracticeProblemTest" time="0.001"/>
  <testcase name="reverseTest2" classname="PracticeProblemTest" time="0.001"/>
  <testcase name="reverseTest3" classname="PracticeProblemTest" time="0.002"/>
  <testcase name="toWordArrayTest1" classname="PracticeProblemTest" time="0.021">
    <failure message="array contents differ at index [0], expected: &lt;Hello&gt; but was: &lt;&gt;" type="org.opentest4j.AssertionFailedError"><![CDATA[org.opentest4j.AssertionFailedError: array contents differ at index [0], expected: <Hello> but was: <>
	at PracticeProblemTest.toWordArrayTest1(PracticeProblemTest.java:132)
]]></failure>
  </testcase>
  <testcase name="toWordArrayTest2" classname="PracticeProblemTest" time="0">
    <failure message="array lengths differ, expected: &lt;3&gt; but was: &lt;9&gt;" type="org.opentest4j.AssertionFailedError"><![CDATA[org.opentest4j.AssertionFailedError: array lengths differ, expected: <3> but was: <9>
	at PracticeProblemTest.toWordArrayTest2(PracticeProblemTest.java:150)
]]></failure>
  </testcase>
  <testcase name="toWordArrayTest3" classname="PracticeProblemTest" time="0.002">
    <failure message="expected: &lt;0&gt; but was: &lt;4&gt;" type="org.opentest4j.AssertionFailedError"><![CDATA[org.opentest4j.AssertionFailedError: expected: <0> but was: <4>
	at PracticeProblemTest.toWordArrayTest3(PracticeProblemTest.java:166)
]]></failure>
  </testcase>
  <testcase name="toWordArrayTest4" classname="PracticeProblemTest" time="0.001">
    <failure message="array contents differ at index [0], expected: &lt;Hello&gt; but was: &lt;&gt;" type="org.opentest4j.AssertionFailedError"><![CDATA[org.opentest4j.AssertionFailedError: array contents differ at index [0], expected: <Hello> but was: <>
	at PracticeProblemTest.toWordArrayTest4(PracticeProblemTest.java:182)
]]></failure>
  </testcase>
</testsuite>